0 info it worked if it ends with ok
1 verbose cli [ 'C:\\Program Files\\nodejs\\node.exe',
1 verbose cli   'C:\\Program Files\\nodejs\\node_modules\\npm\\bin\\npm-cli.js',
1 verbose cli   'run',
1 verbose cli   'test' ]
2 info using npm@3.10.10
3 info using node@v6.10.3
4 verbose run-script [ 'pretest', 'test', 'posttest' ]
5 info lifecycle webpack-proj@1.0.0~pretest: webpack-proj@1.0.0
6 silly lifecycle webpack-proj@1.0.0~pretest: no script for pretest, continuing
7 info lifecycle webpack-proj@1.0.0~test: webpack-proj@1.0.0
8 verbose lifecycle webpack-proj@1.0.0~test: unsafe-perm in lifecycle true
9 verbose lifecycle webpack-proj@1.0.0~test: PATH: C:\Program Files\nodejs\node_modules\npm\bin\node-gyp-bin;D:\_Projects\webpack-proj\node_modules\.bin;C:\Ruby22-x64\bin;C:\ProgramData\Oracle\Java\javapath;C:\Program Files\Common Files\Microsoft Shared\Windows Live;C:\Program Files (x86)\Common Files\Microsoft Shared\Windows Live;C:\Program Files (x86)\Intel\iCLS Client\;C:\Program Files\Intel\iCLS Client\;C:\WINDOWS\system32;C:\WINDOWS;C:\WINDOWS\System32\Wbem;C:\WINDOWS\System32\WindowsPowerShell\v1.0\;C:\Program Files\Intel\Intel(R) Management Engine Components\DAL;C:\Program Files\Intel\Intel(R) Management Engine Components\IPT;C:\Program Files (x86)\Intel\Intel(R) Management Engine Components\DAL;C:\Program Files (x86)\Intel\Intel(R) Management Engine Components\IPT;C:\Program Files (x86)\Windows Live\Shared;C:\Program Files (x86)\ATI Technologies\ATI.ACE\Core-Static;C:\Program Files\Java\jdk1.8.0_25\bin;C:\Program Files\TortoiseGit\bin;C:\Program Files\Microsoft SQL Server\120\Tools\Binn\;C:\Program Files\Microsoft SQL Server\Client SDK\ODBC\110\Tools\Binn\;C:\Program Files (x86)\Microsoft SQL Server\120\Tools\Binn\ManagementStudio\;C:\Program Files (x86)\Microsoft SQL Server\120\Tools\Binn\;C:\Program Files (x86)\Microsoft SQL Server\120\DTS\Binn\;C:\Program Files\Microsoft SQL Server\120\DTS\Binn\;C:\Program Files\Microsoft SQL Server\130\Tools\Binn\;C:\Users\filip.uzunovic\.dnx\bin;C:\Program Files\Microsoft DNX\Dnvm\;C:\Program Files (x86)\Skype\Phone\;C:\Program Files\dotnet\;C:\Program Files\Git\cmd;C:\Program Files\nodejs\;C:\Users\filip.uzunovic\.dnx\bin;C:\Program Files\MongoDB 2.6 Standard\bin;C:\Users\filip.uzunovic\AppData\Local\atom\bin;C:\Program Files (x86)\Microsoft VS Code\bin;C:\Users\filip.uzunovic\AppData\Roaming\npm
10 verbose lifecycle webpack-proj@1.0.0~test: CWD: D:\_Projects\webpack-proj
11 silly lifecycle webpack-proj@1.0.0~test: Args: [ '/d /s /c',
11 silly lifecycle   'mocha -w test/helpers/browser.js test/*.spec.js' ]
12 silly lifecycle webpack-proj@1.0.0~test: Returned: code: 1  signal: null
13 info lifecycle webpack-proj@1.0.0~test: Failed to exec test script
14 verbose stack Error: webpack-proj@1.0.0 test: `mocha -w test/helpers/browser.js test/*.spec.js`
14 verbose stack Exit status 1
14 verbose stack     at EventEmitter.<anonymous> (C:\Program Files\nodejs\node_modules\npm\lib\utils\lifecycle.js:255:16)
14 verbose stack     at emitTwo (events.js:106:13)
14 verbose stack     at EventEmitter.emit (events.js:191:7)
14 verbose stack     at ChildProcess.<anonymous> (C:\Program Files\nodejs\node_modules\npm\lib\utils\spawn.js:40:14)
14 verbose stack     at emitTwo (events.js:106:13)
14 verbose stack     at ChildProcess.emit (events.js:191:7)
14 verbose stack     at maybeClose (internal/child_process.js:886:16)
14 verbose stack     at Process.ChildProcess._handle.onexit (internal/child_process.js:226:5)
15 verbose pkgid webpack-proj@1.0.0
16 verbose cwd D:\_Projects\webpack-proj
17 error Windows_NT 10.0.10240
18 error argv "C:\\Program Files\\nodejs\\node.exe" "C:\\Program Files\\nodejs\\node_modules\\npm\\bin\\npm-cli.js" "run" "test"
19 error node v6.10.3
20 error npm  v3.10.10
21 error code ELIFECYCLE
22 error webpack-proj@1.0.0 test: `mocha -w test/helpers/browser.js test/*.spec.js`
22 error Exit status 1
23 error Failed at the webpack-proj@1.0.0 test script 'mocha -w test/helpers/browser.js test/*.spec.js'.
23 error Make sure you have the latest version of node.js and npm installed.
23 error If you do, this is most likely a problem with the webpack-proj package,
23 error not with npm itself.
23 error Tell the author that this fails on your system:
23 error     mocha -w test/helpers/browser.js test/*.spec.js
23 error You can get information on how to open an issue for this project with:
23 error     npm bugs webpack-proj
23 error Or if that isn't available, you can get their info via:
23 error     npm owner ls webpack-proj
23 error There is likely additional logging output above.
24 verbose exit [ 1, true ]
